<?xml version="1.0" encoding="UTF-8"?>
<!-- Generated by org.testng.reporters.JUnitReportReporter -->
<testsuite hostname="LAPTOP-QB9SLFCG" failures="0" tests="1" name="com.ECommTestCases.checkoutpageTest" time="12.949" errors="0" timestamp="2025-08-12T13:30:12 IST" skipped="0">
  <testcase classname="com.ECommTestCases.checkoutpageTest" name="checkbtn" time="12.949"/>
</testsuite> <!-- com.ECommTestCases.checkoutpageTest -->
