<?xml version="1.0" encoding="UTF-8"?>
<!-- Generated by org.testng.reporters.JUnitReportReporter -->
<testsuite hostname="LAPTOP-QB9SLFCG" failures="0" tests="1" name="myMavenProject.OrangeHrm" time="43.212" errors="0" timestamp="2025-07-29T11:21:18 IST" skipped="0">
  <testcase classname="myMavenProject.OrangeHrm" name="d" time="43.212"/>
</testsuite> <!-- myMavenProject.OrangeHrm -->
