<?xml version="1.0" encoding="UTF-8"?>
<!-- Generated by org.testng.reporters.JUnitReportReporter -->
<testsuite hostname="LAPTOP-QB9SLFCG" failures="0" tests="3" name="com.ECommTestCases.Loginpagetest" time="28.389" errors="0" timestamp="2025-08-12T13:30:12 IST" skipped="0">
  <testcase classname="com.ECommTestCases.Loginpagetest" name="validlogin" time="8.068"/>
  <testcase classname="com.ECommTestCases.Loginpagetest" name="invalidlogin" time="10.185"/>
  <testcase classname="com.ECommTestCases.Loginpagetest" name="blankvalue" time="10.136"/>
</testsuite> <!-- com.ECommTestCases.Loginpagetest -->
