<?xml version="1.0" encoding="UTF-8"?>
<!-- Generated by org.testng.reporters.JUnitReportReporter -->
<testsuite hostname="LAPTOP-QB9SLFCG" failures="0" tests="1" name="com.ECommTestCases.CartpageTest" time="11.667" errors="0" timestamp="2025-08-12T13:30:12 IST" skipped="0">
  <testcase classname="com.ECommTestCases.CartpageTest" name="addItems_CartItems_removal" time="11.667"/>
</testsuite> <!-- com.ECommTestCases.CartpageTest -->
